c:\users\casa\source\repos\taiga\conifer\debug\vc142.pdb
c:\users\casa\source\repos\taiga\conifer\debug\vc142.idb
c:\users\casa\source\repos\taiga\conifer\debug\vsglassert.obj
c:\users\casa\source\repos\taiga\conifer\debug\vertexbuffer.obj
c:\users\casa\source\repos\taiga\conifer\debug\vertexattribs.obj
c:\users\casa\source\repos\taiga\conifer\debug\textures.obj
c:\users\casa\source\repos\taiga\conifer\debug\taigacore.obj
c:\users\casa\source\repos\taiga\conifer\debug\stb_image.obj
c:\users\casa\source\repos\taiga\conifer\debug\object.obj
c:\users\casa\source\repos\taiga\conifer\debug\renderer.obj
c:\users\casa\source\repos\taiga\conifer\debug\conifermain.obj
c:\users\casa\source\repos\taiga\conifer\debug\shader.obj
c:\users\casa\source\repos\taiga\conifer\debug\material.obj
c:\users\casa\source\repos\taiga\conifer\debug\indexbuffer.obj
c:\users\casa\source\repos\taiga\conifer\debug\gmath.obj
c:\users\casa\source\repos\taiga\conifer\debug\engine.obj
c:\users\casa\source\repos\taiga\debug\conifer.exe
c:\users\casa\source\repos\taiga\debug\conifer.ilk
c:\users\casa\source\repos\taiga\debug\conifer.pdb
c:\users\casa\source\repos\taiga\conifer\debug\conifer.res
c:\users\casa\source\repos\taiga\conifer\debug\conifer.tlog\cl.command.1.tlog
c:\users\casa\source\repos\taiga\conifer\debug\conifer.tlog\cl.read.1.tlog
c:\users\casa\source\repos\taiga\conifer\debug\conifer.tlog\cl.write.1.tlog
c:\users\casa\source\repos\taiga\conifer\debug\conifer.tlog\link.command.1.tlog
c:\users\casa\source\repos\taiga\conifer\debug\conifer.tlog\link.read.1.tlog
c:\users\casa\source\repos\taiga\conifer\debug\conifer.tlog\link.write.1.tlog
c:\users\casa\source\repos\taiga\conifer\debug\conifer.tlog\rc.command.1.tlog
c:\users\casa\source\repos\taiga\conifer\debug\conifer.tlog\rc.read.1.tlog
c:\users\casa\source\repos\taiga\conifer\debug\conifer.tlog\rc.write.1.tlog
